[
  {
    "line": 1,
    "elements": [
      {
        "line": 12,
        "name": "Login into Application",
        "description": "",
        "id": "bidding-automation;login-into-application;;2",
        "type": "scenario",
        "keyword": "Scenario Outline",
        "steps": [
          {
            "result": {
              "duration": 12241476900,
              "status": "passed"
            },
            "line": 4,
            "name": "Navigate to \"https://egold.auctiontiger.net/\"",
            "match": {
              "arguments": [
                {
                  "val": "\"https://egold.auctiontiger.net/\"",
                  "offset": 12
                }
              ],
              "location": "stepdef.navigate_to(String)"
            },
            "keyword": "Given "
          },
          {
            "result": {
              "duration": 158058600,
              "status": "passed"
            },
            "line": 5,
            "name": "Click on Login button",
            "match": {
              "location": "stepdef.click_login_button()"
            },
            "keyword": "When "
          },
          {
            "result": {
              "duration": 13228281200,
              "status": "passed"
            },
            "line": 6,
            "name": "Enter Email ID \"jimmy30678@yahoo.co.in\" Password \"qwer@123\" and click on Login Button",
            "match": {
              "arguments": [
                {
                  "val": "\"jimmy30678@yahoo.co.in\"",
                  "offset": 15
                },
                {
                  "val": "\"qwer@123\"",
                  "offset": 49
                }
              ],
              "location": "stepdef.enter_email_id_password(String,String)"
            },
            "keyword": "And "
          }
        ]
      },
      {
        "line": 20,
        "name": "Login into Application",
        "description": "",
        "id": "bidding-automation;login-into-application;;2",
        "type": "scenario",
        "keyword": "Scenario Outline",
        "steps": [
          {
            "result": {
              "duration": 4752486300,
              "status": "passed"
            },
            "line": 15,
            "name": "Click on View Results button for Auction ID 250575",
            "match": {
              "arguments": [
                {
                  "val": "250575",
                  "offset": 44
                }
              ],
              "location": "stepdef.click_view_result_button(Integer)"
            },
            "keyword": "When "
          },
          {
            "result": {
              "error_message": "org.openqa.selenium.TimeoutException: Expected condition failed: waiting for visibility of element located by By.xpath: //span[contains(@id,\u0027bidRank\u0027)] (tried for 20 second(s) with 500 milliseconds interval)\r\n\tat org.openqa.selenium.support.ui.WebDriverWait.timeoutException(WebDriverWait.java:95)\r\n\tat org.openqa.selenium.support.ui.FluentWait.until(FluentWait.java:272)\r\n\tat stepdefs.stepdef.enter_bidding_amount(stepdef.java:106)\r\n\tat âœ½.Enter Bidding Amount(src/test/resources/feature/Feature1.feature:16)\r\nCaused by: org.openqa.selenium.NoSuchElementException: no such element: Unable to locate element: {\"method\":\"xpath\",\"selector\":\"//span[contains(@id,\u0027bidRank\u0027)]\"}\n  (Session info: chrome\u003d105.0.5195.102)\nFor documentation on this error, please visit: https://www.seleniumhq.org/exceptions/no_such_element.html\nBuild info: version: \u00273.141.59\u0027, revision: \u0027e82be7d358\u0027, time: \u00272018-11-14T08:17:03\u0027\nSystem info: host: \u0027DESKTOP-JPGFM2D\u0027, ip: \u0027192.168.1.9\u0027, os.name: \u0027Windows 10\u0027, os.arch: \u0027amd64\u0027, os.version: \u002710.0\u0027, java.version: \u00271.8.0_171\u0027\nDriver info: org.openqa.selenium.chrome.ChromeDriver\nCapabilities {acceptInsecureCerts: false, browserName: chrome, browserVersion: 105.0.5195.102, chrome: {chromedriverVersion: 104.0.5112.79 (3cf3e8c8a07d..., userDataDir: C:\\Users\\Shubham\\AppData\\Lo...}, goog:chromeOptions: {debuggerAddress: localhost:49196}, javascriptEnabled: true, networkConnectionEnabled: false, pageLoadStrategy: normal, platform: WINDOWS, platformName: WINDOWS, proxy: Proxy(), setWindowRect: true, strictFileInteractability: false, timeouts: {implicit: 0, pageLoad: 300000, script: 30000}, unhandledPromptBehavior: dismiss and notify, webauthn:extension:credBlob: true, webauthn:extension:largeBlob: true, webauthn:virtualAuthenticators: true}\nSession ID: f5a8ad1c78586757c6debc14bbf03c22\n*** Element info: {Using\u003dxpath, value\u003d//span[contains(@id,\u0027bidRank\u0027)]}\r\n\tat sun.reflect.NativeConstructorAccessorImpl.newInstance0(Native Method)\r\n\tat sun.reflect.NativeConstructorAccessorImpl.newInstance(NativeConstructorAccessorImpl.java:62)\r\n\tat sun.reflect.DelegatingConstructorAccessorImpl.newInstance(DelegatingConstructorAccessorImpl.java:45)\r\n\tat java.lang.reflect.Constructor.newInstance(Constructor.java:423)\r\n\tat org.openqa.selenium.remote.http.W3CHttpResponseCodec.createException(W3CHttpResponseCodec.java:187)\r\n\tat org.openqa.selenium.remote.http.W3CHttpResponseCodec.decode(W3CHttpResponseCodec.java:122)\r\n\tat org.openqa.selenium.remote.http.W3CHttpResponseCodec.decode(W3CHttpResponseCodec.java:49)\r\n\tat org.openqa.selenium.remote.HttpCommandExecutor.execute(HttpCommandExecutor.java:158)\r\n\tat org.openqa.selenium.remote.service.DriverCommandExecutor.execute(DriverCommandExecutor.java:83)\r\n\tat org.openqa.selenium.remote.RemoteWebDriver.execute(RemoteWebDriver.java:552)\r\n\tat org.openqa.selenium.remote.RemoteWebDriver.findElement(RemoteWebDriver.java:323)\r\n\tat org.openqa.selenium.remote.RemoteWebDriver.findElementByXPath(RemoteWebDriver.java:428)\r\n\tat org.openqa.selenium.By$ByXPath.findElement(By.java:353)\r\n\tat org.openqa.selenium.remote.RemoteWebDriver.findElement(RemoteWebDriver.java:315)\r\n\tat org.openqa.selenium.support.ui.ExpectedConditions$7.apply(ExpectedConditions.java:205)\r\n\tat org.openqa.selenium.support.ui.ExpectedConditions$7.apply(ExpectedConditions.java:201)\r\n\tat org.openqa.selenium.support.ui.FluentWait.until(FluentWait.java:249)\r\n\tat stepdefs.stepdef.enter_bidding_amount(stepdef.java:106)\r\n\tat sun.reflect.NativeMethodAccessorImpl.invoke0(Native Method)\r\n\tat sun.reflect.NativeMethodAccessorImpl.invoke(NativeMethodAccessorImpl.java:62)\r\n\tat sun.reflect.DelegatingMethodAccessorImpl.invoke(DelegatingMethodAccessorImpl.java:43)\r\n\tat java.lang.reflect.Method.invoke(Method.java:498)\r\n\tat cucumber.runtime.Utils$1.call(Utils.java:26)\r\n\tat cucumber.runtime.Timeout.timeout(Timeout.java:16)\r\n\tat cucumber.runtime.Utils.invoke(Utils.java:20)\r\n\tat cucumber.runtime.java.JavaStepDefinition.execute(JavaStepDefinition.java:49)\r\n\tat cucumber.runner.PickleStepDefinitionMatch.runStep(PickleStepDefinitionMatch.java:50)\r\n\tat cucumber.runner.TestStep.executeStep(TestStep.java:63)\r\n\tat cucumber.runner.TestStep.run(TestStep.java:49)\r\n\tat cucumber.runner.PickleStepTestStep.run(PickleStepTestStep.java:43)\r\n\tat cucumber.runner.TestCase.run(TestCase.java:44)\r\n\tat cucumber.runner.Runner.runPickle(Runner.java:40)\r\n\tat cucumber.runtime.junit.PickleRunners$NoStepDescriptions.run(PickleRunners.java:146)\r\n\tat cucumber.runtime.junit.FeatureRunner.runChild(FeatureRunner.java:68)\r\n\tat cucumber.runtime.junit.FeatureRunner.runChild(FeatureRunner.java:23)\r\n\tat org.junit.runners.ParentRunner$3.run(ParentRunner.java:290)\r\n\tat org.junit.runners.ParentRunner$1.schedule(ParentRunner.java:71)\r\n\tat org.junit.runners.ParentRunner.runChildren(ParentRunner.java:288)\r\n\tat org.junit.runners.ParentRunner.access$000(ParentRunner.java:58)\r\n\tat org.junit.runners.ParentRunner$2.evaluate(ParentRunner.java:268)\r\n\tat org.junit.runners.ParentRunner.run(ParentRunner.java:363)\r\n\tat cucumber.runtime.junit.FeatureRunner.run(FeatureRunner.java:73)\r\n\tat cucumber.api.junit.Cucumber.runChild(Cucumber.java:124)\r\n\tat cucumber.api.junit.Cucumber.runChild(Cucumber.java:65)\r\n\tat org.junit.runners.ParentRunner$3.run(ParentRunner.java:290)\r\n\tat org.junit.runners.ParentRunner$1.schedule(ParentRunner.java:71)\r\n\tat org.junit.runners.ParentRunner.runChildren(ParentRunner.java:288)\r\n\tat org.junit.runners.ParentRunner.access$000(ParentRunner.java:58)\r\n\tat org.junit.runners.ParentRunner$2.evaluate(ParentRunner.java:268)\r\n\tat cucumber.api.junit.Cucumber$1.evaluate(Cucumber.java:133)\r\n\tat org.junit.runners.ParentRunner.run(ParentRunner.java:363)\r\n\tat org.eclipse.jdt.internal.junit4.runner.JUnit4TestReference.run(JUnit4TestReference.java:86)\r\n\tat org.eclipse.jdt.internal.junit.runner.TestExecution.run(TestExecution.java:38)\r\n\tat org.eclipse.jdt.internal.junit.runner.RemoteTestRunner.runTests(RemoteTestRunner.java:538)\r\n\tat org.eclipse.jdt.internal.junit.runner.RemoteTestRunner.runTests(RemoteTestRunner.java:760)\r\n\tat org.eclipse.jdt.internal.junit.runner.RemoteTestRunner.run(RemoteTestRunner.java:460)\r\n\tat org.eclipse.jdt.internal.junit.runner.RemoteTestRunner.main(RemoteTestRunner.java:206)\r\n",
              "duration": 20937068100,
              "status": "failed"
            },
            "line": 16,
            "name": "Enter Bidding Amount",
            "match": {
              "location": "stepdef.enter_bidding_amount()"
            },
            "keyword": "And "
          }
        ]
      }
    ],
    "name": "Bidding Automation",
    "description": "",
    "id": "bidding-automation",
    "keyword": "Feature",
    "uri": "src/test/resources/feature/Feature1.feature",
    "tags": []
  }
]